[debug] [2025-01-09T20:35:29.974Z] ----------------------------------------------------------------------
[debug] [2025-01-09T20:35:29.975Z] Command:       /home/borischimi/.nvm/versions/node/v20.17.0/bin/node /home/borischimi/.nvm/versions/node/v20.17.0/bin/firebase init
[debug] [2025-01-09T20:35:29.976Z] CLI Version:   13.29.1
[debug] [2025-01-09T20:35:29.976Z] Platform:      linux
[debug] [2025-01-09T20:35:29.976Z] Node Version:  v20.17.0
[debug] [2025-01-09T20:35:29.976Z] Time:          Thu Jan 09 2025 21:35:29 GMT+0100 (heure normale d’Afrique de l’Ouest)
[debug] [2025-01-09T20:35:29.976Z] ----------------------------------------------------------------------
[debug] 
[debug] [2025-01-09T20:35:29.979Z] > command requires scopes: ["email","openid","https://www.googleapis.com/auth/cloudplatformprojects.readonly","https://www.googleapis.com/auth/firebase","https://www.googleapis.com/auth/cloud-platform"]
[debug] [2025-01-09T20:35:29.979Z] > authorizing via signed-in user (chimiboris7@gmail.com)
[info] 
     ######## #### ########  ######## ########     ###     ######  ########
     ##        ##  ##     ## ##       ##     ##  ##   ##  ##       ##
     ######    ##  ########  ######   ########  #########  ######  ######
     ##        ##  ##    ##  ##       ##     ## ##     ##       ## ##
     ##       #### ##     ## ######## ########  ##     ##  ######  ########

You're about to initialize a Firebase project in this directory:

  /home/borischimi/Documents/Groupe Njeujip Construction/Groupe-Njeujip-Construction

[info] 
=== Project Setup
[info] 
[info] First, let's associate this project directory with a Firebase project.
[info] You can create multiple project aliases by running firebase use --add, 
[info] but for now we'll just set up a default project.
[info] 
[debug] [2025-01-09T20:35:44.219Z] Checked if tokens are valid: true, expires at: 1736457744839
[debug] [2025-01-09T20:35:44.219Z] Checked if tokens are valid: true, expires at: 1736457744839
[debug] [2025-01-09T20:35:44.220Z] >>> [apiv2][query] GET https://firebase.googleapis.com/v1beta1/projects pageSize=100
[debug] [2025-01-09T20:35:49.506Z] <<< [apiv2][status] GET https://firebase.googleapis.com/v1beta1/projects 200
[debug] [2025-01-09T20:35:49.506Z] <<< [apiv2][body] GET https://firebase.googleapis.com/v1beta1/projects [omitted]
[info] i  Using project groupe-njeujip-construction (Groupe Njeujip Construction) 
[info] 
=== Hosting Setup
[debug] [2025-01-09T20:35:52.082Z] Checked if tokens are valid: true, expires at: 1736457744839
[debug] [2025-01-09T20:35:52.082Z] Checked if tokens are valid: true, expires at: 1736457744839
[debug] [2025-01-09T20:35:52.082Z] >>> [apiv2][query] GET https://firebase.googleapis.com/v1beta1/projects/groupe-njeujip-construction [none]
[debug] [2025-01-09T20:35:52.824Z] <<< [apiv2][status] GET https://firebase.googleapis.com/v1beta1/projects/groupe-njeujip-construction 200
[debug] [2025-01-09T20:35:52.824Z] <<< [apiv2][body] GET https://firebase.googleapis.com/v1beta1/projects/groupe-njeujip-construction {"projectId":"groupe-njeujip-construction","projectNumber":"923159718341","displayName":"Groupe Njeujip Construction","name":"projects/groupe-njeujip-construction","resources":{"hostingSite":"groupe-njeujip-construction"},"state":"ACTIVE","etag":"1_3ab40a97-0890-4c66-9dfa-8289c826942d"}
[info] 
[info] Your public directory is the folder (relative to your project directory) that
[info] will contain Hosting assets to be uploaded with firebase deploy. If you
[info] have a build process for your assets, use your build's output directory.
[info] 
